[INFO ] 2024-05-05 18:33:23.173 [main] userTest - *********Creating User********
[INFO ] 2024-05-05 18:33:27.754 [main] userTest - *********User created********
[INFO ] 2024-05-05 18:33:27.778 [main] userTest - *********Read ser********
[INFO ] 2024-05-05 18:33:29.089 [main] userTest - *********User information is displayed********
[INFO ] 2024-05-05 18:33:29.093 [main] userTest - *********Updating user information********
[INFO ] 2024-05-05 18:33:31.426 [main] userTest - *********User information is updated********
[INFO ] 2024-05-05 18:33:31.430 [main] userTest - *********Deleting User********
[INFO ] 2024-05-05 18:33:32.606 [main] userTest - *********Deleted User********
[INFO ] 2024-05-05 18:35:27.669 [main] userTest - *********Creating User********
[INFO ] 2024-05-05 18:35:32.439 [main] userTest - *********User created********
[INFO ] 2024-05-05 18:35:32.447 [main] userTest - *********Read ser********
[INFO ] 2024-05-05 18:35:33.648 [main] userTest - *********User information is displayed********
[INFO ] 2024-05-05 18:35:33.653 [main] userTest - *********Updating user information********
[INFO ] 2024-05-05 18:35:36.009 [main] userTest - *********User information is updated********
[INFO ] 2024-05-05 18:35:36.012 [main] userTest - *********Deleting User********
[INFO ] 2024-05-05 18:35:37.170 [main] userTest - *********Deleted User********
[INFO ] 2024-05-05 20:24:29.333 [main] userTest - *********Creating User********
[INFO ] 2024-05-05 20:24:37.452 [main] userTest - *********User created********
[INFO ] 2024-05-05 20:24:37.469 [main] userTest - *********Read ser********
[INFO ] 2024-05-05 20:24:39.022 [main] userTest - *********User information is displayed********
[INFO ] 2024-05-05 20:24:39.027 [main] userTest - *********Updating user information********
[INFO ] 2024-05-05 20:24:41.884 [main] userTest - *********User information is updated********
[INFO ] 2024-05-05 20:24:41.889 [main] userTest - *********Deleting User********
[INFO ] 2024-05-05 20:24:43.317 [main] userTest - *********Deleted User********
[INFO ] 2024-05-05 20:25:43.941 [main] userTest - *********Creating User********
[INFO ] 2024-05-05 20:26:10.370 [main] userTest - *********User created********
[INFO ] 2024-05-05 20:26:10.387 [main] userTest - *********Read ser********
[INFO ] 2024-05-05 20:26:33.507 [main] userTest - *********User information is displayed********
[INFO ] 2024-05-05 20:26:33.511 [main] userTest - *********Updating user information********
[INFO ] 2024-05-05 20:26:36.370 [main] userTest - *********User information is updated********
[INFO ] 2024-05-05 20:26:36.379 [main] userTest - *********Deleting User********
[INFO ] 2024-05-05 20:26:37.904 [main] userTest - *********Deleted User********
