[INFO ] 2024-05-06 20:48:33.040 [main] userTestWithPropertiesFile - *********Creating User********
[INFO ] 2024-05-06 20:48:37.706 [main] userTestWithPropertiesFile - *********User created********
[INFO ] 2024-05-06 20:48:37.713 [main] userTestWithPropertiesFile - *********Read ser********
[INFO ] 2024-05-06 20:48:38.961 [main] userTestWithPropertiesFile - *********User information is displayed********
[INFO ] 2024-05-06 20:48:38.965 [main] userTestWithPropertiesFile - *********Updating user information********
[INFO ] 2024-05-06 20:48:41.359 [main] userTestWithPropertiesFile - *********User information is updated********
[INFO ] 2024-05-06 20:48:41.363 [main] userTestWithPropertiesFile - *********Deleting User********
[INFO ] 2024-05-06 20:48:42.557 [main] userTestWithPropertiesFile - *********Deleted User********
[INFO ] 2024-05-06 20:49:17.761 [main] userTestWithPropertiesFile - *********Creating User********
[INFO ] 2024-05-06 20:49:22.308 [main] userTestWithPropertiesFile - *********User created********
[INFO ] 2024-05-06 20:49:22.316 [main] userTestWithPropertiesFile - *********Read ser********
[INFO ] 2024-05-06 20:49:23.524 [main] userTestWithPropertiesFile - *********User information is displayed********
[INFO ] 2024-05-06 20:49:23.528 [main] userTestWithPropertiesFile - *********Updating user information********
[INFO ] 2024-05-06 20:49:25.990 [main] userTestWithPropertiesFile - *********User information is updated********
[INFO ] 2024-05-06 20:49:25.994 [main] userTestWithPropertiesFile - *********Deleting User********
[INFO ] 2024-05-06 20:49:27.316 [main] userTestWithPropertiesFile - *********Deleted User********
[DEBUG] 2024-05-06 21:22:55.225 [main] PackageRelationshipCollection - Parsing relationship: /xl/_rels/workbook.xml.rels
[DEBUG] 2024-05-06 21:22:55.233 [main] PackageRelationshipCollection - Parsing relationship: /_rels/.rels
[DEBUG] 2024-05-06 21:22:56.252 [main] PackageRelationshipCollection - Parsing relationship: /xl/_rels/workbook.xml.rels
[DEBUG] 2024-05-06 21:22:56.254 [main] PackageRelationshipCollection - Parsing relationship: /_rels/.rels
[DEBUG] 2024-05-06 21:22:56.362 [main] PackageRelationshipCollection - Parsing relationship: /xl/_rels/workbook.xml.rels
[DEBUG] 2024-05-06 21:22:56.364 [main] PackageRelationshipCollection - Parsing relationship: /_rels/.rels
[DEBUG] 2024-05-06 21:22:56.566 [main] PackageRelationshipCollection - Parsing relationship: /xl/_rels/workbook.xml.rels
[DEBUG] 2024-05-06 21:22:56.568 [main] PackageRelationshipCollection - Parsing relationship: /_rels/.rels
[DEBUG] 2024-05-06 21:22:56.636 [main] PackageRelationshipCollection - Parsing relationship: /xl/_rels/workbook.xml.rels
[DEBUG] 2024-05-06 21:22:56.638 [main] PackageRelationshipCollection - Parsing relationship: /_rels/.rels
[DEBUG] 2024-05-06 21:22:56.696 [main] PackageRelationshipCollection - Parsing relationship: /xl/_rels/workbook.xml.rels
[DEBUG] 2024-05-06 21:22:56.697 [main] PackageRelationshipCollection - Parsing relationship: /_rels/.rels
[DEBUG] 2024-05-06 21:22:56.760 [main] PackageRelationshipCollection - Parsing relationship: /xl/_rels/workbook.xml.rels
[DEBUG] 2024-05-06 21:22:56.762 [main] PackageRelationshipCollection - Parsing relationship: /_rels/.rels
[DEBUG] 2024-05-06 21:22:56.829 [main] PackageRelationshipCollection - Parsing relationship: /xl/_rels/workbook.xml.rels
[DEBUG] 2024-05-06 21:22:56.830 [main] PackageRelationshipCollection - Parsing relationship: /_rels/.rels
[DEBUG] 2024-05-06 21:22:56.882 [main] PackageRelationshipCollection - Parsing relationship: /xl/_rels/workbook.xml.rels
[DEBUG] 2024-05-06 21:22:56.883 [main] PackageRelationshipCollection - Parsing relationship: /_rels/.rels
[DEBUG] 2024-05-06 21:22:56.933 [main] PackageRelationshipCollection - Parsing relationship: /xl/_rels/workbook.xml.rels
[DEBUG] 2024-05-06 21:22:56.935 [main] PackageRelationshipCollection - Parsing relationship: /_rels/.rels
[DEBUG] 2024-05-06 21:22:56.993 [main] PackageRelationshipCollection - Parsing relationship: /xl/_rels/workbook.xml.rels
[DEBUG] 2024-05-06 21:22:56.995 [main] PackageRelationshipCollection - Parsing relationship: /_rels/.rels
[INFO ] 2024-05-06 21:22:57.720 [main] userTest - *********Creating User********
[INFO ] 2024-05-06 21:23:02.570 [main] userTest - *********User created********
[INFO ] 2024-05-06 21:23:02.574 [main] userTest - *********Read ser********
[INFO ] 2024-05-06 21:23:03.764 [main] userTest - *********User information is displayed********
[INFO ] 2024-05-06 21:23:03.766 [main] userTest - *********Updating user information********
[INFO ] 2024-05-06 21:23:06.060 [main] userTest - *********User information is updated********
[INFO ] 2024-05-06 21:23:06.062 [main] userTest - *********Deleting User********
[INFO ] 2024-05-06 21:23:07.193 [main] userTest - *********Deleted User********
[INFO ] 2024-05-06 21:33:47.585 [main] userTestWithPropertiesFile - *********Creating User********
[INFO ] 2024-05-06 21:33:52.319 [main] userTestWithPropertiesFile - *********User created********
[INFO ] 2024-05-06 21:33:52.326 [main] userTestWithPropertiesFile - *********Read ser********
[INFO ] 2024-05-06 21:33:53.545 [main] userTestWithPropertiesFile - *********User information is displayed********
[INFO ] 2024-05-06 21:33:53.547 [main] userTestWithPropertiesFile - *********Updating user information********
[INFO ] 2024-05-06 21:33:55.858 [main] userTestWithPropertiesFile - *********User information is updated********
[INFO ] 2024-05-06 21:33:55.860 [main] userTestWithPropertiesFile - *********Deleting User********
[INFO ] 2024-05-06 21:33:57.080 [main] userTestWithPropertiesFile - *********Deleted User********
[INFO ] 2024-05-06 22:13:22.619 [main] userTestWithPropertiesFile - *********Creating User********
[INFO ] 2024-05-06 22:13:28.502 [main] userTestWithPropertiesFile - *********User created********
[INFO ] 2024-05-06 22:13:28.512 [main] userTestWithPropertiesFile - *********Read ser********
[INFO ] 2024-05-06 22:13:30.654 [main] userTestWithPropertiesFile - *********User information is displayed********
[INFO ] 2024-05-06 22:13:30.658 [main] userTestWithPropertiesFile - *********Updating user information********
[INFO ] 2024-05-06 22:13:42.546 [main] userTestWithPropertiesFile - *********User information is updated********
[INFO ] 2024-05-06 22:13:42.550 [main] userTestWithPropertiesFile - *********Deleting User********
[INFO ] 2024-05-06 22:13:46.574 [main] userTestWithPropertiesFile - *********Deleted User********
[INFO ] 2024-05-06 22:21:40.266 [main] userTestWithPropertiesFile - *********Creating User********
[INFO ] 2024-05-06 22:21:46.668 [main] userTestWithPropertiesFile - *********User created********
[INFO ] 2024-05-06 22:21:46.681 [main] userTestWithPropertiesFile - *********Read ser********
[INFO ] 2024-05-06 22:21:49.806 [main] userTestWithPropertiesFile - *********User information is displayed********
[INFO ] 2024-05-06 22:21:49.812 [main] userTestWithPropertiesFile - *********Updating user information********
[INFO ] 2024-05-06 22:22:07.850 [main] userTestWithPropertiesFile - *********User information is updated********
[INFO ] 2024-05-06 22:22:07.853 [main] userTestWithPropertiesFile - *********Deleting User********
[INFO ] 2024-05-06 22:22:15.763 [main] userTestWithPropertiesFile - *********Deleted User********
